ggml_cuda_init: found 1 CUDA devices (Total VRAM: 15839 MiB):
  Device 0: NVIDIA GeForce RTX 5060 Ti, compute capability 12.0, VMM: yes, VRAM: 15839 MiB
Setting 'enable_thinking' via --chat-template-kwargs is deprecated. Use --reasoning on / --reasoning off instead.
main: n_parallel is set to auto, using n_parallel = 4 and kv_unified = true
build_info: b8833-45cac7ca7
system_info: n_threads = 4 (n_threads_batch = 4) / 20 | CUDA : ARCHS = 1200 | USE_GRAPHS = 1 | PEER_MAX_BATCH_SIZE = 128 | BLACKWELL_NATIVE_FP4 = 1 | CPU : SSE3 = 1 | SSSE3 = 1 | AVX = 1 | AVX_VNNI = 1 | AVX2 = 1 | F16C = 1 | FMA = 1 | BMI2 = 1 | LLAMAFILE = 1 | OPENMP = 1 | REPACK = 1 | 
Running without SSL
init: using 19 threads for HTTP server
start: binding port with default address family
main: loading model
srv    load_model: loading model '/home/dino/models/supergemma4-26b-uncensored-fast-v2-Q4_K_M.gguf'
common_init_result: fitting params to device memory, for bugs during this step try to reproduce them with -fit off, or provide --verbose logs if the bug only occurs with -fit on
llama_params_fit_impl: projected to use 17394 MiB of device memory vs. 6971 MiB of free device memory
llama_params_fit_impl: cannot meet free memory target of 1024 MiB, need to reduce device memory by 11446 MiB
llama_params_fit_impl: context size set by user to 8192 -> no change
llama_params_fit: failed to fit params to free device memory: n_gpu_layers already set by user to 999, abort
llama_params_fit: fitting params to free memory took 0.52 seconds
llama_model_load_from_file_impl: using device CUDA0 (NVIDIA GeForce RTX 5060 Ti) (0000:02:00.0) - 6971 MiB free
llama_model_loader: loaded meta data with 49 key-value pairs and 658 tensors from /home/dino/models/supergemma4-26b-uncensored-fast-v2-Q4_K_M.gguf (version GGUF V3 (latest))
llama_model_loader: Dumping metadata keys/values. Note: KV overrides do not apply in this output.
llama_model_loader: - kv   0:                       general.architecture str              = gemma4
llama_model_loader: - kv   1:                               general.type str              = model
llama_model_loader: - kv   2:                     general.sampling.top_k i32              = 64
llama_model_loader: - kv   3:                     general.sampling.top_p f32              = 0.950000
llama_model_loader: - kv   4:                      general.sampling.temp f32              = 1.000000
llama_model_loader: - kv   5:                               general.name str              = supergemma4-26b-uncensored-fast-v2
llama_model_loader: - kv   6:                           general.finetune str              = uncensored-fast-mlx
llama_model_loader: - kv   7:                           general.basename str              = supergemma4
llama_model_loader: - kv   8:                         general.size_label str              = 26B
llama_model_loader: - kv   9:                               general.tags arr[str,2]       = ["mlx", "text-generation"]
llama_model_loader: - kv  10:                          general.languages arr[str,1]       = ["en"]
llama_model_loader: - kv  11:                         gemma4.block_count u32              = 30
llama_model_loader: - kv  12:                      gemma4.context_length u32              = 262144
llama_model_loader: - kv  13:                    gemma4.embedding_length u32              = 2816
llama_model_loader: - kv  14:                 gemma4.feed_forward_length u32              = 2112
llama_model_loader: - kv  15:                gemma4.attention.head_count u32              = 16
llama_model_loader: - kv  16:             gemma4.attention.head_count_kv arr[i32,30]      = [8, 8, 8, 8, 8, 2, 8, 8, 8, 8, 8, 2, ...
llama_model_loader: - kv  17:                      gemma4.rope.freq_base f32              = 1000000.000000
llama_model_loader: - kv  18:                  gemma4.rope.freq_base_swa f32              = 10000.000000
llama_model_loader: - kv  19:    gemma4.attention.layer_norm_rms_epsilon f32              = 0.000001
llama_model_loader: - kv  20:                        gemma4.expert_count u32              = 128
llama_model_loader: - kv  21:                   gemma4.expert_used_count u32              = 8
llama_model_loader: - kv  22:                gemma4.attention.key_length u32              = 512
llama_model_loader: - kv  23:              gemma4.attention.value_length u32              = 512
llama_model_loader: - kv  24:             gemma4.final_logit_softcapping f32              = 30.000000
llama_model_loader: - kv  25:            gemma4.attention.sliding_window u32              = 1024
llama_model_loader: - kv  26:          gemma4.attention.shared_kv_layers u32              = 0
llama_model_loader: - kv  27:    gemma4.embedding_length_per_layer_input u32              = 0
llama_model_loader: - kv  28:    gemma4.attention.sliding_window_pattern arr[bool,30]     = [true, true, true, true, true, false,...
llama_model_loader: - kv  29:            gemma4.attention.key_length_swa u32              = 256
llama_model_loader: - kv  30:          gemma4.attention.value_length_swa u32              = 256
llama_model_loader: - kv  31:          gemma4.expert_feed_forward_length u32              = 704
llama_model_loader: - kv  32:                gemma4.rope.dimension_count u32              = 512
llama_model_loader: - kv  33:            gemma4.rope.dimension_count_swa u32              = 256
llama_model_loader: - kv  34:                       tokenizer.ggml.model str              = gemma4
llama_model_loader: - kv  35:                      tokenizer.ggml.tokens arr[str,262144]  = ["<pad>", "<eos>", "<bos>", "<unk>", ...
llama_model_loader: - kv  36:                      tokenizer.ggml.scores arr[f32,262144]  = [-1000.000000, -1000.000000, -1000.00...
llama_model_loader: - kv  37:                  tokenizer.ggml.token_type arr[i32,262144]  = [3, 3, 3, 3, 3, 1, 1, 1, 1, 1, 1, 1, ...
llama_model_loader: - kv  38:                      tokenizer.ggml.merges arr[str,514906]  = ["\n\n\n\n\n\n\n\n\n\n\n\n\n\n\n\n\n\n\n\n\n\n\n\n\n\n\n\n\n\n \n", ...
llama_model_loader: - kv  39:                tokenizer.ggml.bos_token_id u32              = 2
llama_model_loader: - kv  40:                tokenizer.ggml.eos_token_id u32              = 1
llama_model_loader: - kv  41:            tokenizer.ggml.unknown_token_id u32              = 3
llama_model_loader: - kv  42:            tokenizer.ggml.padding_token_id u32              = 0
llama_model_loader: - kv  43:               tokenizer.ggml.mask_token_id u32              = 4
llama_model_loader: - kv  44:            tokenizer.ggml.add_space_prefix bool             = false
llama_model_loader: - kv  45:               tokenizer.ggml.add_bos_token bool             = true
llama_model_loader: - kv  46:               general.quantization_version u32              = 2
llama_model_loader: - kv  47:                          general.file_type u32              = 15
llama_model_loader: - kv  48:                    tokenizer.chat_template str              = {%- macro format_parameters(propertie...
llama_model_loader: - type  f32:  392 tensors
llama_model_loader: - type q5_0:   32 tensors
llama_model_loader: - type q8_0:   28 tensors
llama_model_loader: - type q4_K:  192 tensors
llama_model_loader: - type q6_K:   14 tensors
print_info: file format = GGUF V3 (latest)
print_info: file type   = Q4_K - Medium
print_info: file size   = 15.63 GiB (5.32 BPW) 
load: 0 unused tokens
load: control-looking token:    212 '</s>' was not control-type; this is probably a bug in the model. its type will be overridden
load: control-looking token:     50 '<|tool_response>' was not control-type; this is probably a bug in the model. its type will be overridden
load: printing all EOG tokens:
load:   - 1 ('<eos>')
load:   - 50 ('<|tool_response>')
load:   - 106 ('<turn|>')
load:   - 212 ('</s>')
load: special_eog_ids contains '<|tool_response>', removing '</s>' token from EOG list
load: special tokens cache size = 24
load: token to piece cache size = 1.9445 MB
print_info: arch                  = gemma4
print_info: vocab_only            = 0
print_info: no_alloc              = 0
print_info: n_ctx_train           = 262144
print_info: n_embd                = 2816
print_info: n_embd_inp            = 2816
print_info: n_layer               = 30
print_info: n_head                = 16
print_info: n_head_kv             = [8, 8, 8, 8, 8, 2, 8, 8, 8, 8, 8, 2, 8, 8, 8, 8, 8, 2, 8, 8, 8, 8, 8, 2, 8, 8, 8, 8, 8, 2]
print_info: n_rot                 = 512
print_info: n_swa                 = 1024
print_info: is_swa_any            = 1
print_info: n_embd_head_k         = 512
print_info: n_embd_head_v         = 512
print_info: n_gqa                 = [2, 2, 2, 2, 2, 8, 2, 2, 2, 2, 2, 8, 2, 2, 2, 2, 2, 8, 2, 2, 2, 2, 2, 8, 2, 2, 2, 2, 2, 8]
print_info: n_embd_k_gqa          = [2048, 2048, 2048, 2048, 2048, 1024, 2048, 2048, 2048, 2048, 2048, 1024, 2048, 2048, 2048, 2048, 2048, 1024, 2048, 2048, 2048, 2048, 2048, 1024, 2048, 2048, 2048, 2048, 2048, 1024]
print_info: n_embd_v_gqa          = [2048, 2048, 2048, 2048, 2048, 1024, 2048, 2048, 2048, 2048, 2048, 1024, 2048, 2048, 2048, 2048, 2048, 1024, 2048, 2048, 2048, 2048, 2048, 1024, 2048, 2048, 2048, 2048, 2048, 1024]
print_info: f_norm_eps            = 0.0e+00
print_info: f_norm_rms_eps        = 1.0e-06
print_info: f_clamp_kqv           = 0.0e+00
print_info: f_max_alibi_bias      = 0.0e+00
print_info: f_logit_scale         = 0.0e+00
print_info: f_attn_scale          = 1.0e+00
print_info: n_ff                  = 2112
print_info: n_expert              = 128
print_info: n_expert_used         = 8
print_info: n_expert_groups       = 0
print_info: n_group_used          = 0
print_info: causal attn           = 1
print_info: pooling type          = -1
print_info: rope type             = 2
print_info: rope scaling          = linear
print_info: freq_base_train       = 1000000.0
print_info: freq_scale_train      = 1
print_info: freq_base_swa         = 10000.0
print_info: freq_scale_swa        = 1
print_info: n_embd_head_k_swa     = 256
print_info: n_embd_head_v_swa     = 256
print_info: n_rot_swa             = 256
print_info: n_ctx_orig_yarn       = 262144
print_info: rope_yarn_log_mul     = 0.0000
print_info: rope_finetuned        = unknown
print_info: model type            = 26B.A4B
print_info: model params          = 25.23 B
print_info: general.name          = supergemma4-26b-uncensored-fast-v2
print_info: vocab type            = BPE
print_info: n_vocab               = 262144
print_info: n_merges              = 514906
print_info: BOS token             = 2 '<bos>'
print_info: EOS token             = 1 '<eos>'
print_info: UNK token             = 3 '<unk>'
print_info: PAD token             = 0 '<pad>'
print_info: MASK token            = 4 '<mask>'
print_info: LF token              = 107 '
'
print_info: EOG token             = 1 '<eos>'
print_info: EOG token             = 50 '<|tool_response>'
print_info: EOG token             = 106 '<turn|>'
print_info: max token length      = 93
load_tensors: loading model tensors, this can take a while... (mmap = true, direct_io = false)
ggml_backend_cuda_buffer_type_alloc_buffer: allocating 16002.91 MiB on device 0: cudaMalloc failed: out of memory
alloc_tensor_range: failed to allocate CUDA0 buffer of size 16780264448
llama_model_load: error loading model: unable to allocate CUDA0 buffer
llama_model_load_from_file_impl: failed to load model
common_init_from_params: failed to load model '/home/dino/models/supergemma4-26b-uncensored-fast-v2-Q4_K_M.gguf'
srv    load_model: failed to load model, '/home/dino/models/supergemma4-26b-uncensored-fast-v2-Q4_K_M.gguf'
srv    operator(): operator(): cleaning up before exit...
main: exiting due to model loading error
