[14:31:14] flash-attn-rerun start — 2026-05-21T14:31:14.088354
[14:31:16]   VRAM clean: [15761, 15834] MiB free
[14:31:16]   cmd: ... --flash-attn on
[14:31:22]   server ready — warmup...
[14:31:25]     warmup 1: 121.4 t/s
[14:31:29]     warmup 2: 123.0 t/s
[14:31:32]     warmup 3: 123.6 t/s
[14:31:32]   bench (8 runs)...
[14:31:35]     run 1: 123.6 t/s
[14:31:39]     run 2: 123.3 t/s
[14:31:42]     run 3: 123.6 t/s
[14:31:45]     run 4: 123.6 t/s
[14:31:49]     run 5: 123.4 t/s
[14:31:52]     run 6: 123.6 t/s
[14:31:55]     run 7: 123.6 t/s
[14:31:58]     run 8: 123.4 t/s
[14:31:58] 
  RESULT: median=123.6  stddev=0.13  delta=-0.0 vs baseline
[14:31:58]   flash-attn on: NO GAIN
[14:31:58] 
flash-attn-rerun complete
